TN:
SF:src/modules/appointments/services/CreateAppointmentsService.ts
FN:16,(anonymous_18)
FN:17,CreateAppointmentsService
FN:22,(anonymous_20)
FNF:3
FNH:3
FNDA:1,(anonymous_18)
FNDA:2,CreateAppointmentsService
FNDA:3,(anonymous_20)
DA:1,1
DA:2,1
DA:4,1
DA:16,1
DA:19,2
DA:22,1
DA:23,3
DA:24,3
DA:25,3
DA:27,3
DA:29,3
DA:33,3
DA:34,1
DA:37,2
DA:43,2
DA:45,1
LF:16
LH:16
BRDA:33,0,0,1
BRDA:33,0,1,2
BRF:2
BRH:2
end_of_record
TN:
SF:src/modules/appointments/services/ListProviderDaysAvailableInMonthService.ts
FN:18,(anonymous_17)
FN:19,ListProviderDaysAvaiableInMonthService
FN:24,(anonymous_19)
FN:42,(anonymous_22)
FN:45,(anonymous_23)
FN:46,(anonymous_24)
FNF:6
FNH:6
FNDA:1,(anonymous_17)
FNDA:1,ListProviderDaysAvaiableInMonthService
FNDA:1,(anonymous_19)
FNDA:31,(anonymous_22)
FNDA:31,(anonymous_23)
FNDA:310,(anonymous_24)
DA:1,1
DA:2,1
DA:18,1
DA:21,1
DA:24,1
DA:25,1
DA:26,1
DA:27,1
DA:29,1
DA:36,1
DA:38,1
DA:42,31
DA:45,1
DA:46,31
DA:47,310
DA:50,31
DA:56,1
DA:58,1
LF:18
LH:18
BRDA:29,0,0,1
BRF:1
BRH:1
end_of_record
TN:
SF:src/modules/appointments/services/ListProviderHoursAvailableInDayService.ts
FN:19,(anonymous_17)
FN:20,ListProviderHoursAvaiableService
FN:25,(anonymous_19)
FN:45,(anonymous_22)
FN:50,(anonymous_23)
FN:52,(anonymous_24)
FNF:6
FNH:6
FNDA:1,(anonymous_17)
FNDA:1,ListProviderHoursAvaiableService
FNDA:1,(anonymous_19)
FNDA:10,(anonymous_22)
FNDA:10,(anonymous_23)
FNDA:34,(anonymous_24)
DA:1,1
DA:2,1
DA:19,1
DA:22,1
DA:25,1
DA:26,1
DA:27,1
DA:28,1
DA:29,1
DA:31,1
DA:39,1
DA:41,1
DA:45,10
DA:48,1
DA:50,1
DA:51,10
DA:52,34
DA:55,10
DA:57,10
DA:64,1
DA:66,1
LF:21
LH:21
BRDA:31,0,0,1
BRDA:60,1,0,10
BRDA:60,1,1,6
BRF:3
BRH:3
end_of_record
TN:
SF:src/modules/appointments/services/ListProvidersService.ts
FN:8,(anonymous_17)
FN:9,ListProvidersService
FN:14,(anonymous_19)
FNF:3
FNH:3
FNDA:1,(anonymous_17)
FNDA:1,ListProvidersService
FNDA:1,(anonymous_19)
DA:1,1
DA:8,1
DA:11,1
DA:14,1
DA:15,1
DA:18,1
DA:20,1
LF:7
LH:7
BRDA:15,0,0,1
BRF:1
BRH:1
end_of_record
TN:
SF:src/modules/users/services/AuthenticateUsersService.ts
FN:23,(anonymous_18)
FN:24,AuthenticateUsersService
FN:32,(anonymous_20)
FNF:3
FNH:3
FNDA:1,(anonymous_18)
FNDA:3,AuthenticateUsersService
FNDA:3,(anonymous_20)
DA:1,1
DA:2,1
DA:4,1
DA:7,1
DA:23,1
DA:26,3
DA:29,3
DA:32,3
DA:33,3
DA:35,3
DA:36,1
DA:39,2
DA:44,2
DA:45,1
DA:48,1
DA:50,1
DA:55,1
DA:60,1
LF:18
LH:18
BRDA:33,0,0,3
BRDA:35,1,0,1
BRDA:35,1,1,2
BRDA:44,2,0,1
BRDA:44,2,1,1
BRF:5
BRH:5
end_of_record
TN:
SF:src/modules/users/services/CreateUsersService.ts
FN:17,(anonymous_18)
FN:18,CreateUsersService
FN:26,(anonymous_20)
FNF:3
FNH:3
FNDA:2,(anonymous_18)
FNDA:5,CreateUsersService
FNDA:5,(anonymous_20)
DA:1,2
DA:3,2
DA:17,2
DA:20,5
DA:23,5
DA:26,5
DA:27,5
DA:29,5
DA:30,1
DA:33,4
DA:35,4
DA:41,4
DA:43,2
LF:13
LH:13
BRDA:27,0,0,5
BRDA:29,1,0,1
BRDA:29,1,1,4
BRF:3
BRH:3
end_of_record
TN:
SF:src/modules/users/services/ForgotPasswordService.ts
FN:15,(anonymous_18)
FN:16,ForgotPasswordService
FN:27,(anonymous_20)
FNF:3
FNH:3
FNDA:1,(anonymous_18)
FNDA:3,ForgotPasswordService
FNDA:3,(anonymous_20)
DA:1,1
DA:2,1
DA:4,1
DA:15,1
DA:18,3
DA:21,3
DA:24,3
DA:27,3
DA:28,3
DA:30,3
DA:31,1
DA:34,2
DA:36,2
DA:43,4
DA:58,1
LF:15
LH:15
BRDA:28,0,0,3
BRDA:30,1,0,1
BRDA:30,1,1,2
BRF:3
BRH:3
end_of_record
TN:
SF:src/modules/users/services/ResetPasswordService.ts
FN:17,(anonymous_18)
FN:18,ResetPasswordService
FN:29,(anonymous_20)
FNF:3
FNH:3
FNDA:1,(anonymous_18)
FNDA:4,ResetPasswordService
FNDA:4,(anonymous_20)
DA:1,1
DA:2,1
DA:4,1
DA:17,1
DA:20,4
DA:23,4
DA:26,4
DA:29,4
DA:30,4
DA:32,4
DA:33,1
DA:36,3
DA:38,3
DA:39,1
DA:42,2
DA:43,2
DA:45,2
DA:46,1
DA:49,1
DA:50,2
DA:52,1
DA:54,1
LF:22
LH:22
BRDA:30,0,0,4
BRDA:32,1,0,1
BRDA:32,1,1,3
BRDA:38,2,0,1
BRDA:38,2,1,2
BRDA:45,3,0,1
BRDA:45,3,1,1
BRF:7
BRH:7
end_of_record
TN:
SF:src/modules/users/services/ShowProfileService.ts
FN:14,(anonymous_18)
FN:15,ShowProfileService
FN:20,(anonymous_20)
FNF:3
FNH:3
FNDA:1,(anonymous_18)
FNDA:2,ShowProfileService
FNDA:2,(anonymous_20)
DA:1,1
DA:3,1
DA:14,1
DA:17,2
DA:20,2
DA:21,2
DA:23,2
DA:24,1
DA:27,1
DA:29,1
LF:10
LH:10
BRDA:21,0,0,2
BRDA:23,1,0,1
BRDA:23,1,1,1
BRF:3
BRH:3
end_of_record
TN:
SF:src/modules/users/services/UpdateProfileService.ts
FN:19,(anonymous_18)
FN:20,UpdateUsersAvatarService
FN:28,(anonymous_20)
FNF:3
FNH:3
FNDA:1,(anonymous_18)
FNDA:6,UpdateUsersAvatarService
FNDA:6,(anonymous_20)
DA:1,1
DA:3,1
DA:19,1
DA:22,6
DA:25,6
DA:28,1
DA:29,6
DA:30,6
DA:31,6
DA:32,6
DA:33,6
DA:35,6
DA:37,6
DA:38,1
DA:40,5
DA:42,5
DA:43,1
DA:46,4
DA:47,4
DA:49,5
DA:50,3
DA:51,1
DA:53,2
DA:58,3
DA:59,1
DA:63,1
DA:67,2
DA:69,1
LF:28
LH:28
BRDA:35,0,0,6
BRDA:35,0,1,1
BRDA:35,0,2,2
BRDA:37,1,0,1
BRDA:37,1,1,5
BRDA:42,2,0,1
BRDA:42,2,1,4
BRDA:42,3,0,5
BRDA:42,3,1,4
BRDA:49,4,0,1
BRDA:49,4,1,3
BRDA:50,5,0,1
BRDA:50,5,1,2
BRDA:58,6,0,1
BRDA:58,6,1,1
BRF:15
BRH:15
end_of_record
TN:
SF:src/modules/users/services/UpdateUsersAvatarService.ts
FN:16,(anonymous_18)
FN:17,UpdateUsersAvatarService
FN:25,(anonymous_20)
FNF:3
FNH:3
FNDA:1,(anonymous_18)
FNDA:3,UpdateUsersAvatarService
FNDA:4,(anonymous_20)
DA:1,1
DA:3,1
DA:16,1
DA:19,3
DA:22,3
DA:25,4
DA:26,4
DA:28,4
DA:29,1
DA:35,5
DA:36,2
DA:39,3
DA:43,3
DA:44,6
DA:46,3
DA:48,1
LF:16
LH:16
BRDA:26,0,0,4
BRDA:26,0,1,3
BRDA:28,1,0,1
BRDA:28,1,1,3
BRDA:35,2,0,2
BRDA:35,2,1,1
BRF:6
BRH:6
end_of_record
